Using pre-set license
Built from '2022.3/staging' branch; Version is '2022.3.30f1 (70558241b701) revision 7361922'; Using compiler version '192829333'; Build Type 'Release'
OS: 'Windows 10  (10.0.19045) 64bit Professional' Language: 'ru' Physical Memory: 32697 MB
BatchMode: 1, IsHumanControllingUs: 0, StartBugReporterOnCrash: 0, Is64bit: 1, IsPro: 1

COMMAND LINE ARGUMENTS:
C:\Program Files\Unity\Hub\Editor\2022.3.30f1\Editor\Unity.exe
-adb2
-batchMode
-noUpm
-name
AssetImportWorker4
-projectPath
G:/Unity/DreamGarage
-logFile
Logs/AssetImportWorker4.log
-srvPort
62396
Successfully changed project path to: G:/Unity/DreamGarage
G:/Unity/DreamGarage
[UnityMemory] Configuration Parameters - Can be set up in boot.config
    "memorysetup-bucket-allocator-granularity=16"
    "memorysetup-bucket-allocator-bucket-count=8"
    "memorysetup-bucket-allocator-block-size=33554432"
    "memorysetup-bucket-allocator-block-count=8"
    "memorysetup-main-allocator-block-size=16777216"
    "memorysetup-thread-allocator-block-size=16777216"
    "memorysetup-gfx-main-allocator-block-size=16777216"
    "memorysetup-gfx-thread-allocator-block-size=16777216"
    "memorysetup-cache-allocator-block-size=4194304"
    "memorysetup-typetree-allocator-block-size=2097152"
    "memorysetup-profiler-bucket-allocator-granularity=16"
    "memorysetup-profiler-bucket-allocator-bucket-count=8"
    "memorysetup-profiler-bucket-allocator-block-size=33554432"
    "memorysetup-profiler-bucket-allocator-block-count=8"
    "memorysetup-profiler-allocator-block-size=16777216"
    "memorysetup-profiler-editor-allocator-block-size=1048576"
    "memorysetup-temp-allocator-size-main=16777216"
    "memorysetup-job-temp-allocator-block-size=2097152"
    "memorysetup-job-temp-allocator-block-size-background=1048576"
    "memorysetup-job-temp-allocator-reduction-small-platforms=262144"
    "memorysetup-allocator-temp-initial-block-size-main=262144"
    "memorysetup-allocator-temp-initial-block-size-worker=262144"
    "memorysetup-temp-allocator-size-background-worker=32768"
    "memorysetup-temp-allocator-size-job-worker=262144"
    "memorysetup-temp-allocator-size-preload-manager=33554432"
    "memorysetup-temp-allocator-size-nav-mesh-worker=65536"
    "memorysetup-temp-allocator-size-audio-worker=65536"
    "memorysetup-temp-allocator-size-cloud-worker=32768"
    "memorysetup-temp-allocator-size-gi-baking-worker=262144"
    "memorysetup-temp-allocator-size-gfx=262144"
Player connection [24160] Host "[IP] 192.168.1.65 [Port] 0 [Flags] 2 [Guid] 1757989814 [EditorId] 1757989814 [Version] 1048832 [Id] WindowsEditor(7,DESKTOP-ARTEMKA) [Debug] 1 [PackageName] WindowsEditor [ProjectName] Editor" joined multi-casting on [225.0.0.222:54997]...

Player connection [24160] Host "[IP] 192.168.1.65 [Port] 0 [Flags] 2 [Guid] 1757989814 [EditorId] 1757989814 [Version] 1048832 [Id] WindowsEditor(7,DESKTOP-ARTEMKA) [Debug] 1 [PackageName] WindowsEditor [ProjectName] Editor" joined alternative multi-casting on [225.0.0.222:34997]...

[Physics::Module] Initialized MultithreadedJobDispatcher with 11 workers.
Refreshing native plugins compatible for Editor in 8.14 ms, found 3 plugins.
Preloading 0 native plugins for Editor in 0.00 ms.
Initialize engine version: 2022.3.30f1 (70558241b701)
[Subsystems] Discovering subsystems at path C:/Program Files/Unity/Hub/Editor/2022.3.30f1/Editor/Data/Resources/UnitySubsystems
[Subsystems] Discovering subsystems at path G:/Unity/DreamGarage/Assets
GfxDevice: creating device client; threaded=0; jobified=0
Direct3D:
    Version:  Direct3D 11.0 [level 11.1]
    Renderer: AMD Radeon RX 5500 XT (ID=0x7340)
    Vendor:   ATI
    VRAM:     4029 MB
    Driver:   32.0.12019.1028
Initialize mono
Mono path[0] = 'C:/Program Files/Unity/Hub/Editor/2022.3.30f1/Editor/Data/Managed'
Mono path[1] = 'C:/Program Files/Unity/Hub/Editor/2022.3.30f1/Editor/Data/MonoBleedingEdge/lib/mono/unityjit-win32'
Mono config path = 'C:/Program Files/Unity/Hub/Editor/2022.3.30f1/Editor/Data/MonoBleedingEdge/etc'
Using monoOptions --debugger-agent=transport=dt_socket,embedding=1,server=y,suspend=n,address=127.0.0.1:56824
Begin MonoManager ReloadAssembly
Registering precompiled unity dll's ...
Register platform support module: C:/Program Files/Unity/Hub/Editor/2022.3.30f1/Editor/Data/PlaybackEngines/WindowsStandaloneSupport/UnityEditor.WindowsStandalone.Extensions.dll
Registered in 0.007333 seconds.
- Loaded All Assemblies, in  0.304 seconds
Native extension for WindowsStandalone target not found
Mono: successfully reloaded assembly
- Finished resetting the current domain, in  0.252 seconds
Domain Reload Profiling: 555ms
	BeginReloadAssembly (92ms)
		ExecutionOrderSort (0ms)
		DisableScriptedObjects (0ms)
		BackupInstance (0ms)
		ReleaseScriptingObjects (0ms)
		CreateAndSetChildDomain (1ms)
	RebuildCommonClasses (31ms)
	RebuildNativeTypeToScriptingClass (10ms)
	initialDomainReloadingComplete (53ms)
	LoadAllAssembliesAndSetupDomain (116ms)
		LoadAssemblies (90ms)
		RebuildTransferFunctionScriptingTraits (0ms)
		AnalyzeDomain (115ms)
			TypeCache.Refresh (113ms)
				TypeCache.ScanAssembly (103ms)
			ScanForSourceGeneratedMonoScriptInfo (0ms)
			ResolveRequiredComponents (0ms)
	FinalizeReload (252ms)
		ReleaseScriptCaches (0ms)
		RebuildScriptCaches (0ms)
		SetupLoadedEditorAssemblies (198ms)
			LogAssemblyErrors (0ms)
			InitializePlatformSupportModulesInManaged (9ms)
			SetLoadedEditorAssemblies (8ms)
			RefreshPlugins (0ms)
			BeforeProcessingInitializeOnLoad (2ms)
			ProcessInitializeOnLoadAttributes (136ms)
			ProcessInitializeOnLoadMethodAttributes (43ms)
			AfterProcessingInitializeOnLoad (0ms)
			EditorAssembliesLoaded (0ms)
		ExecutionOrderSort2 (0ms)
		AwakeInstancesAfterBackupRestoration (0ms)
========================================================================
Worker process is ready to serve import requests
Begin MonoManager ReloadAssembly
- Loaded All Assemblies, in  0.533 seconds
Refreshing native plugins compatible for Editor in 1.71 ms, found 3 plugins.
Native extension for WindowsStandalone target not found
Package Manager log level set to [2]
[Package Manager] Server::EnsureServerProcessIsRunning -- launch failed, reason: Unity was launched with the -noUpm command-line argument
[Package Manager] UpmClient::Send -- Unable to send message (not connected to UPM process).
[Package Manager] Cannot connect to Unity Package Manager local server
Mono: successfully reloaded assembly
- Finished resetting the current domain, in  0.613 seconds
Domain Reload Profiling: 1145ms
	BeginReloadAssembly (132ms)
		ExecutionOrderSort (0ms)
		DisableScriptedObjects (6ms)
		BackupInstance (0ms)
		ReleaseScriptingObjects (0ms)
		CreateAndSetChildDomain (18ms)
	RebuildCommonClasses (32ms)
	RebuildNativeTypeToScriptingClass (10ms)
	initialDomainReloadingComplete (37ms)
	LoadAllAssembliesAndSetupDomain (321ms)
		LoadAssemblies (247ms)
		RebuildTransferFunctionScriptingTraits (0ms)
		AnalyzeDomain (152ms)
			TypeCache.Refresh (134ms)
				TypeCache.ScanAssembly (123ms)
			ScanForSourceGeneratedMonoScriptInfo (12ms)
			ResolveRequiredComponents (5ms)
	FinalizeReload (613ms)
		ReleaseScriptCaches (0ms)
		RebuildScriptCaches (0ms)
		SetupLoadedEditorAssemblies (478ms)
			LogAssemblyErrors (0ms)
			InitializePlatformSupportModulesInManaged (6ms)
			SetLoadedEditorAssemblies (5ms)
			RefreshPlugins (0ms)
			BeforeProcessingInitializeOnLoad (95ms)
			ProcessInitializeOnLoadAttributes (346ms)
			ProcessInitializeOnLoadMethodAttributes (19ms)
			AfterProcessingInitializeOnLoad (7ms)
			EditorAssembliesLoaded (0ms)
		ExecutionOrderSort2 (0ms)
		AwakeInstancesAfterBackupRestoration (5ms)
Launched and connected shader compiler UnityShaderCompiler.exe after 0.04 seconds
Refreshing native plugins compatible for Editor in 1.68 ms, found 3 plugins.
Preloading 0 native plugins for Editor in 0.00 ms.
Unloading 3097 Unused Serialized files (Serialized files now loaded: 0)
Unloading 33 unused Assets / (58.0 KB). Loaded Objects now: 3558.
Memory consumption went from 119.5 MB to 119.5 MB.
Total: 2.474400 ms (FindLiveObjects: 0.255400 ms CreateObjectMapping: 0.079800 ms MarkObjects: 2.057900 ms  DeleteObjects: 0.080500 ms)

AssetImportParameters requested are different than current active one (requested -> active):
  custom:container-demuxer-ogg: 62fdf1f143b41e24485cea50d1cbac27 -> 
  custom:video-decoder-ogg-theora: a1e56fd34408186e4bbccfd4996cb3dc -> 
  custom:framework-win-MediaFoundation: 216162199b28c13a410421893ffa2e32 -> 
  custom:CustomObjectIndexerAttribute: 9a22284fe3817be447336de3de66b15e -> 
  custom:container-demuxer-webm: 4f35f7cbe854078d1ac9338744f61a02 -> 
  custom:scripting/monoscript/fileName/IPickable.cs: 25f09954a6d2d44d52ccbe2fb8b9db1b -> 
  custom:container-muxer-webm: aa71ff27fc2769a1b78a27578f13a17b -> 
  custom:video-decoder-webm-vp8: 9c59270c3fd7afecdb556c50c9e8de78 -> 
  custom:SearchIndexIgnoredProperties: e643bd26f0fe6173181afceb89e7c659 -> 
  custom:scripting/monoscript/fileName/PickableObject.cs: 41f5f209abfef7d724805aa8ef80ef97 -> 
  custom:AudioImporter_EditorPlatform: d09bf68614088b80899f8185d706f6e7 -> 
  custom:video-encoder-webm-vp8: eb34c28f22e8b96e1ab97ce403110664 -> 
  custom:audio-decoder-ogg-vorbis: bf7c407c2cedff20999df2af8eb42d56 -> 
  custom:audio-encoder-webm-vorbis: bf7c407c2cedff20999df2af8eb42d56 -> 
========================================================================
Received Import Request.
  Time since last request: 24074.485872 seconds.
  path: Assets/Prefabs/garage-v5.fbx
  artifactKey: Guid(33a06a25235332f4992fdb69b9656ea3) Importer(815301076,1909f56bfc062723c751e8b465ee728b)
Start importing Assets/Prefabs/garage-v5.fbx using Guid(33a06a25235332f4992fdb69b9656ea3) Importer(815301076,1909f56bfc062723c751e8b465ee728b)  -> (artifact id: '4916585703a2adf382b7f9abbb5e28d6') in 0.213862 seconds
Number of updated asset objects reloaded before import = 0
Number of asset objects unloaded after import = 82
========================================================================
Received Prepare
Begin MonoManager ReloadAssembly
- Loaded All Assemblies, in  0.429 seconds
Refreshing native plugins compatible for Editor in 1.99 ms, found 3 plugins.
Native extension for WindowsStandalone target not found
[Package Manager] Server::EnsureServerProcessIsRunning -- launch failed, reason: Unity was launched with the -noUpm command-line argument
[Package Manager] UpmClient::Send -- Unable to send message (not connected to UPM process).
[Package Manager] Cannot connect to Unity Package Manager local server
Mono: successfully reloaded assembly
- Finished resetting the current domain, in  4.067 seconds
Domain Reload Profiling: 4495ms
	BeginReloadAssembly (147ms)
		ExecutionOrderSort (0ms)
		DisableScriptedObjects (6ms)
		BackupInstance (0ms)
		ReleaseScriptingObjects (0ms)
		CreateAndSetChildDomain (32ms)
	RebuildCommonClasses (32ms)
	RebuildNativeTypeToScriptingClass (11ms)
	initialDomainReloadingComplete (26ms)
	LoadAllAssembliesAndSetupDomain (212ms)
		LoadAssemblies (280ms)
		RebuildTransferFunctionScriptingTraits (0ms)
		AnalyzeDomain (13ms)
			TypeCache.Refresh (5ms)
				TypeCache.ScanAssembly (0ms)
			ScanForSourceGeneratedMonoScriptInfo (0ms)
			ResolveRequiredComponents (7ms)
	FinalizeReload (4067ms)
		ReleaseScriptCaches (0ms)
		RebuildScriptCaches (0ms)
		SetupLoadedEditorAssemblies (540ms)
			LogAssemblyErrors (0ms)
			InitializePlatformSupportModulesInManaged (7ms)
			SetLoadedEditorAssemblies (5ms)
			RefreshPlugins (0ms)
			BeforeProcessingInitializeOnLoad (106ms)
			ProcessInitializeOnLoadAttributes (390ms)
			ProcessInitializeOnLoadMethodAttributes (22ms)
			AfterProcessingInitializeOnLoad (9ms)
			EditorAssembliesLoaded (0ms)
		ExecutionOrderSort2 (0ms)
		AwakeInstancesAfterBackupRestoration (7ms)
Refreshing native plugins compatible for Editor in 2.04 ms, found 3 plugins.
Preloading 0 native plugins for Editor in 0.00 ms.
Unloading 3089 Unused Serialized files (Serialized files now loaded: 0)
Unloading 23 unused Assets / (30.7 KB). Loaded Objects now: 3606.
Memory consumption went from 123.2 MB to 123.2 MB.
Total: 3.031700 ms (FindLiveObjects: 0.279000 ms CreateObjectMapping: 0.083700 ms MarkObjects: 2.624700 ms  DeleteObjects: 0.043400 ms)

Prepare: number of updated asset objects reloaded= 0
AssetImportParameters requested are different than current active one (requested -> active):
  custom:container-demuxer-ogg: 62fdf1f143b41e24485cea50d1cbac27 -> 
  custom:video-decoder-ogg-theora: a1e56fd34408186e4bbccfd4996cb3dc -> 
  custom:framework-win-MediaFoundation: 216162199b28c13a410421893ffa2e32 -> 
  custom:CustomObjectIndexerAttribute: 9a22284fe3817be447336de3de66b15e -> 
  custom:container-demuxer-webm: 4f35f7cbe854078d1ac9338744f61a02 -> 
  custom:scripting/monoscript/fileName/IPickable.cs: 25f09954a6d2d44d52ccbe2fb8b9db1b -> 
  custom:container-muxer-webm: aa71ff27fc2769a1b78a27578f13a17b -> 
  custom:video-decoder-webm-vp8: 9c59270c3fd7afecdb556c50c9e8de78 -> 
  custom:SearchIndexIgnoredProperties: e643bd26f0fe6173181afceb89e7c659 -> 
  custom:scripting/monoscript/fileName/PickableObject.cs: 41f5f209abfef7d724805aa8ef80ef97 -> 
  custom:AudioImporter_EditorPlatform: d09bf68614088b80899f8185d706f6e7 -> 
  custom:video-encoder-webm-vp8: eb34c28f22e8b96e1ab97ce403110664 -> 
  custom:audio-decoder-ogg-vorbis: bf7c407c2cedff20999df2af8eb42d56 -> 
  custom:audio-encoder-webm-vorbis: bf7c407c2cedff20999df2af8eb42d56 -> 
========================================================================
Received Import Request.
  Time since last request: 693.127182 seconds.
  path: Assets/Animatoins
  artifactKey: Guid(8b0f792fbe5104e4b8cb53083246a9e2) Importer(815301076,1909f56bfc062723c751e8b465ee728b)
Start importing Assets/Animatoins using Guid(8b0f792fbe5104e4b8cb53083246a9e2) Importer(815301076,1909f56bfc062723c751e8b465ee728b)  -> (artifact id: '67a343d71802b9e15fd291a2e1d4cb4e') in 0.001772 seconds
Number of updated asset objects reloaded before import = 0
Number of asset objects unloaded after import = 0
========================================================================
Received Import Request.
  Time since last request: 13.799192 seconds.
  path: Assets/Animatoins/DoorAnimationController.controller
  artifactKey: Guid(a11959fc27e90ca4c81d66258ec6cb66) Importer(815301076,1909f56bfc062723c751e8b465ee728b)
Start importing Assets/Animatoins/DoorAnimationController.controller using Guid(a11959fc27e90ca4c81d66258ec6cb66) Importer(815301076,1909f56bfc062723c751e8b465ee728b)  -> (artifact id: 'fef25204a428bd22a402e8726421687b') in 0.011309 seconds
Number of updated asset objects reloaded before import = 0
Number of asset objects unloaded after import = 1
========================================================================
Received Import Request.
  Time since last request: 92.480677 seconds.
  path: Assets/Animatoins/DoorOpeningAnimation.anim
  artifactKey: Guid(5877067ec5f4964429957787cf059a40) Importer(815301076,1909f56bfc062723c751e8b465ee728b)
Start importing Assets/Animatoins/DoorOpeningAnimation.anim using Guid(5877067ec5f4964429957787cf059a40) Importer(815301076,1909f56bfc062723c751e8b465ee728b)  -> (artifact id: 'e835c342281abf77eb095b0da2e3e004') in 0.002603 seconds
Number of updated asset objects reloaded before import = 0
Number of asset objects unloaded after import = 1
========================================================================
Received Import Request.
  Time since last request: 194.511502 seconds.
  path: Assets/Animatoins/CarDoor.controller
  artifactKey: Guid(b72ba64c764fe454ea7e92529da31ebc) Importer(815301076,1909f56bfc062723c751e8b465ee728b)
Start importing Assets/Animatoins/CarDoor.controller using Guid(b72ba64c764fe454ea7e92529da31ebc) Importer(815301076,1909f56bfc062723c751e8b465ee728b)  -> (artifact id: '85bdaf038e0726ceda0636488a9cd8cb') in 0.000717 seconds
Number of updated asset objects reloaded before import = 0
Number of asset objects unloaded after import = 1
========================================================================
Received Import Request.
  Time since last request: 1.840582 seconds.
  path: Assets/Animatoins/DoorOpeningAnimation.anim
  artifactKey: Guid(5877067ec5f4964429957787cf059a40) Importer(815301076,1909f56bfc062723c751e8b465ee728b)
Start importing Assets/Animatoins/DoorOpeningAnimation.anim using Guid(5877067ec5f4964429957787cf059a40) Importer(815301076,1909f56bfc062723c751e8b465ee728b)  -> (artifact id: 'd3b03a086b741833a0378561ff79595b') in 0.000715 seconds
Number of updated asset objects reloaded before import = 0
Number of asset objects unloaded after import = 1
========================================================================
Received Import Request.
  Time since last request: 58.454087 seconds.
  path: Assets/Animatoins/garage-v5.controller
  artifactKey: Guid(b9421e9d576719846945aa5f46afe423) Importer(815301076,1909f56bfc062723c751e8b465ee728b)
Start importing Assets/Animatoins/garage-v5.controller using Guid(b9421e9d576719846945aa5f46afe423) Importer(815301076,1909f56bfc062723c751e8b465ee728b)  -> (artifact id: '4c15161cb63d0e75d77fc08463c0de56') in 0.000955 seconds
Number of updated asset objects reloaded before import = 0
Number of asset objects unloaded after import = 4
========================================================================
Received Prepare
Begin MonoManager ReloadAssembly
- Loaded All Assemblies, in  0.413 seconds
Refreshing native plugins compatible for Editor in 2.35 ms, found 3 plugins.
Native extension for WindowsStandalone target not found
[Package Manager] Server::EnsureServerProcessIsRunning -- launch failed, reason: Unity was launched with the -noUpm command-line argument
[Package Manager] UpmClient::Send -- Unable to send message (not connected to UPM process).
[Package Manager] Cannot connect to Unity Package Manager local server
Mono: successfully reloaded assembly
- Finished resetting the current domain, in  0.981 seconds
Domain Reload Profiling: 1393ms
	BeginReloadAssembly (144ms)
		ExecutionOrderSort (0ms)
		DisableScriptedObjects (5ms)
		BackupInstance (0ms)
		ReleaseScriptingObjects (0ms)
		CreateAndSetChildDomain (31ms)
	RebuildCommonClasses (38ms)
	RebuildNativeTypeToScriptingClass (12ms)
	initialDomainReloadingComplete (26ms)
	LoadAllAssembliesAndSetupDomain (190ms)
		LoadAssemblies (253ms)
		RebuildTransferFunctionScriptingTraits (0ms)
		AnalyzeDomain (13ms)
			TypeCache.Refresh (5ms)
				TypeCache.ScanAssembly (0ms)
			ScanForSourceGeneratedMonoScriptInfo (0ms)
			ResolveRequiredComponents (7ms)
	FinalizeReload (981ms)
		ReleaseScriptCaches (0ms)
		RebuildScriptCaches (0ms)
		SetupLoadedEditorAssemblies (559ms)
			LogAssemblyErrors (0ms)
			InitializePlatformSupportModulesInManaged (10ms)
			SetLoadedEditorAssemblies (6ms)
			RefreshPlugins (0ms)
			BeforeProcessingInitializeOnLoad (112ms)
			ProcessInitializeOnLoadAttributes (398ms)
			ProcessInitializeOnLoadMethodAttributes (25ms)
			AfterProcessingInitializeOnLoad (8ms)
			EditorAssembliesLoaded (0ms)
		ExecutionOrderSort2 (0ms)
		AwakeInstancesAfterBackupRestoration (7ms)
Refreshing native plugins compatible for Editor in 1.95 ms, found 3 plugins.
Preloading 0 native plugins for Editor in 0.00 ms.
Unloading 3089 Unused Serialized files (Serialized files now loaded: 0)
Unloading 23 unused Assets / (30.7 KB). Loaded Objects now: 3609.
Memory consumption went from 123.2 MB to 123.2 MB.
Total: 2.747100 ms (FindLiveObjects: 0.323900 ms CreateObjectMapping: 0.092000 ms MarkObjects: 2.278600 ms  DeleteObjects: 0.051500 ms)

Prepare: number of updated asset objects reloaded= 0
AssetImportParameters requested are different than current active one (requested -> active):
  custom:container-demuxer-ogg: 62fdf1f143b41e24485cea50d1cbac27 -> 
  custom:video-decoder-ogg-theora: a1e56fd34408186e4bbccfd4996cb3dc -> 
  custom:framework-win-MediaFoundation: 216162199b28c13a410421893ffa2e32 -> 
  custom:CustomObjectIndexerAttribute: 9a22284fe3817be447336de3de66b15e -> 
  custom:container-demuxer-webm: 4f35f7cbe854078d1ac9338744f61a02 -> 
  custom:scripting/monoscript/fileName/IPickable.cs: 25f09954a6d2d44d52ccbe2fb8b9db1b -> 
  custom:container-muxer-webm: aa71ff27fc2769a1b78a27578f13a17b -> 
  custom:video-decoder-webm-vp8: 9c59270c3fd7afecdb556c50c9e8de78 -> 
  custom:SearchIndexIgnoredProperties: e643bd26f0fe6173181afceb89e7c659 -> 
  custom:scripting/monoscript/fileName/PickableObject.cs: 41f5f209abfef7d724805aa8ef80ef97 -> 
  custom:AudioImporter_EditorPlatform: d09bf68614088b80899f8185d706f6e7 -> 
  custom:video-encoder-webm-vp8: eb34c28f22e8b96e1ab97ce403110664 -> 
  custom:audio-decoder-ogg-vorbis: bf7c407c2cedff20999df2af8eb42d56 -> 
  custom:audio-encoder-webm-vorbis: bf7c407c2cedff20999df2af8eb42d56 -> 
========================================================================
Received Prepare
Begin MonoManager ReloadAssembly
- Loaded All Assemblies, in  0.394 seconds
Refreshing native plugins compatible for Editor in 1.91 ms, found 3 plugins.
Native extension for WindowsStandalone target not found
[Package Manager] Server::EnsureServerProcessIsRunning -- launch failed, reason: Unity was launched with the -noUpm command-line argument
[Package Manager] UpmClient::Send -- Unable to send message (not connected to UPM process).
[Package Manager] Cannot connect to Unity Package Manager local server
Mono: successfully reloaded assembly
- Finished resetting the current domain, in  0.954 seconds
Domain Reload Profiling: 1347ms
	BeginReloadAssembly (140ms)
		ExecutionOrderSort (0ms)
		DisableScriptedObjects (5ms)
		BackupInstance (0ms)
		ReleaseScriptingObjects (0ms)
		CreateAndSetChildDomain (30ms)
	RebuildCommonClasses (33ms)
	RebuildNativeTypeToScriptingClass (11ms)
	initialDomainReloadingComplete (26ms)
	LoadAllAssembliesAndSetupDomain (181ms)
		LoadAssemblies (246ms)
		RebuildTransferFunctionScriptingTraits (0ms)
		AnalyzeDomain (11ms)
			TypeCache.Refresh (5ms)
				TypeCache.ScanAssembly (0ms)
			ScanForSourceGeneratedMonoScriptInfo (0ms)
			ResolveRequiredComponents (5ms)
	FinalizeReload (955ms)
		ReleaseScriptCaches (0ms)
		RebuildScriptCaches (0ms)
		SetupLoadedEditorAssemblies (559ms)
			LogAssemblyErrors (0ms)
			InitializePlatformSupportModulesInManaged (8ms)
			SetLoadedEditorAssemblies (7ms)
			RefreshPlugins (0ms)
			BeforeProcessingInitializeOnLoad (120ms)
			ProcessInitializeOnLoadAttributes (394ms)
			ProcessInitializeOnLoadMethodAttributes (22ms)
			AfterProcessingInitializeOnLoad (8ms)
			EditorAssembliesLoaded (0ms)
		ExecutionOrderSort2 (0ms)
		AwakeInstancesAfterBackupRestoration (7ms)
Refreshing native plugins compatible for Editor in 2.19 ms, found 3 plugins.
Preloading 0 native plugins for Editor in 0.00 ms.
Unloading 3089 Unused Serialized files (Serialized files now loaded: 0)
Unloading 23 unused Assets / (30.7 KB). Loaded Objects now: 3612.
Memory consumption went from 123.2 MB to 123.2 MB.
Total: 2.507700 ms (FindLiveObjects: 0.318600 ms CreateObjectMapping: 0.073500 ms MarkObjects: 2.075100 ms  DeleteObjects: 0.039500 ms)

Prepare: number of updated asset objects reloaded= 0
AssetImportParameters requested are different than current active one (requested -> active):
  custom:container-demuxer-ogg: 62fdf1f143b41e24485cea50d1cbac27 -> 
  custom:video-decoder-ogg-theora: a1e56fd34408186e4bbccfd4996cb3dc -> 
  custom:framework-win-MediaFoundation: 216162199b28c13a410421893ffa2e32 -> 
  custom:CustomObjectIndexerAttribute: 9a22284fe3817be447336de3de66b15e -> 
  custom:container-demuxer-webm: 4f35f7cbe854078d1ac9338744f61a02 -> 
  custom:scripting/monoscript/fileName/IPickable.cs: 25f09954a6d2d44d52ccbe2fb8b9db1b -> 
  custom:container-muxer-webm: aa71ff27fc2769a1b78a27578f13a17b -> 
  custom:video-decoder-webm-vp8: 9c59270c3fd7afecdb556c50c9e8de78 -> 
  custom:SearchIndexIgnoredProperties: e643bd26f0fe6173181afceb89e7c659 -> 
  custom:scripting/monoscript/fileName/PickableObject.cs: 41f5f209abfef7d724805aa8ef80ef97 -> 
  custom:AudioImporter_EditorPlatform: d09bf68614088b80899f8185d706f6e7 -> 
  custom:video-encoder-webm-vp8: eb34c28f22e8b96e1ab97ce403110664 -> 
  custom:audio-decoder-ogg-vorbis: bf7c407c2cedff20999df2af8eb42d56 -> 
  custom:audio-encoder-webm-vorbis: bf7c407c2cedff20999df2af8eb42d56 -> 
========================================================================
Received Prepare
Begin MonoManager ReloadAssembly
- Loaded All Assemblies, in  0.397 seconds
Refreshing native plugins compatible for Editor in 1.86 ms, found 3 plugins.
Native extension for WindowsStandalone target not found
[Package Manager] Server::EnsureServerProcessIsRunning -- launch failed, reason: Unity was launched with the -noUpm command-line argument
[Package Manager] UpmClient::Send -- Unable to send message (not connected to UPM process).
[Package Manager] Cannot connect to Unity Package Manager local server
Mono: successfully reloaded assembly
- Finished resetting the current domain, in  0.941 seconds
Domain Reload Profiling: 1337ms
	BeginReloadAssembly (138ms)
		ExecutionOrderSort (0ms)
		DisableScriptedObjects (5ms)
		BackupInstance (0ms)
		ReleaseScriptingObjects (0ms)
		CreateAndSetChildDomain (29ms)
	RebuildCommonClasses (38ms)
	RebuildNativeTypeToScriptingClass (11ms)
	initialDomainReloadingComplete (27ms)
	LoadAllAssembliesAndSetupDomain (182ms)
		LoadAssemblies (245ms)
		RebuildTransferFunctionScriptingTraits (0ms)
		AnalyzeDomain (12ms)
			TypeCache.Refresh (5ms)
				TypeCache.ScanAssembly (0ms)
			ScanForSourceGeneratedMonoScriptInfo (0ms)
			ResolveRequiredComponents (5ms)
	FinalizeReload (942ms)
		ReleaseScriptCaches (0ms)
		RebuildScriptCaches (0ms)
		SetupLoadedEditorAssemblies (552ms)
			LogAssemblyErrors (0ms)
			InitializePlatformSupportModulesInManaged (8ms)
			SetLoadedEditorAssemblies (6ms)
			RefreshPlugins (0ms)
			BeforeProcessingInitializeOnLoad (113ms)
			ProcessInitializeOnLoadAttributes (392ms)
			ProcessInitializeOnLoadMethodAttributes (24ms)
			AfterProcessingInitializeOnLoad (8ms)
			EditorAssembliesLoaded (0ms)
		ExecutionOrderSort2 (0ms)
		AwakeInstancesAfterBackupRestoration (8ms)
Refreshing native plugins compatible for Editor in 2.08 ms, found 3 plugins.
Preloading 0 native plugins for Editor in 0.00 ms.
Unloading 3089 Unused Serialized files (Serialized files now loaded: 0)
Unloading 23 unused Assets / (30.7 KB). Loaded Objects now: 3615.
Memory consumption went from 123.2 MB to 123.2 MB.
Total: 3.020000 ms (FindLiveObjects: 0.411200 ms CreateObjectMapping: 0.111000 ms MarkObjects: 2.451600 ms  DeleteObjects: 0.044800 ms)

Prepare: number of updated asset objects reloaded= 0
AssetImportParameters requested are different than current active one (requested -> active):
  custom:container-demuxer-ogg: 62fdf1f143b41e24485cea50d1cbac27 -> 
  custom:video-decoder-ogg-theora: a1e56fd34408186e4bbccfd4996cb3dc -> 
  custom:framework-win-MediaFoundation: 216162199b28c13a410421893ffa2e32 -> 
  custom:CustomObjectIndexerAttribute: 9a22284fe3817be447336de3de66b15e -> 
  custom:container-demuxer-webm: 4f35f7cbe854078d1ac9338744f61a02 -> 
  custom:scripting/monoscript/fileName/IPickable.cs: 25f09954a6d2d44d52ccbe2fb8b9db1b -> 
  custom:container-muxer-webm: aa71ff27fc2769a1b78a27578f13a17b -> 
  custom:video-decoder-webm-vp8: 9c59270c3fd7afecdb556c50c9e8de78 -> 
  custom:SearchIndexIgnoredProperties: e643bd26f0fe6173181afceb89e7c659 -> 
  custom:scripting/monoscript/fileName/PickableObject.cs: 41f5f209abfef7d724805aa8ef80ef97 -> 
  custom:AudioImporter_EditorPlatform: d09bf68614088b80899f8185d706f6e7 -> 
  custom:video-encoder-webm-vp8: eb34c28f22e8b96e1ab97ce403110664 -> 
  custom:audio-decoder-ogg-vorbis: bf7c407c2cedff20999df2af8eb42d56 -> 
  custom:audio-encoder-webm-vorbis: bf7c407c2cedff20999df2af8eb42d56 -> 
========================================================================
Received Import Request.
  Time since last request: 352.365585 seconds.
  path: Assets/Materials/New Material.mat
  artifactKey: Guid(291fb7c38ec07074db17db2524ac69c6) Importer(815301076,1909f56bfc062723c751e8b465ee728b)
Start importing Assets/Materials/New Material.mat using Guid(291fb7c38ec07074db17db2524ac69c6) Importer(815301076,1909f56bfc062723c751e8b465ee728b)  -> (artifact id: 'fa7ae694e2cd1e677f16e015270f1822') in 0.072396 seconds
Number of updated asset objects reloaded before import = 0
Number of asset objects unloaded after import = 1
========================================================================
Received Import Request.
  Time since last request: 111.302997 seconds.
  path: Assets/Materials/New Material 1.mat
  artifactKey: Guid(b5abe56c4fb1af843af62f66cbef7936) Importer(815301076,1909f56bfc062723c751e8b465ee728b)
Start importing Assets/Materials/New Material 1.mat using Guid(b5abe56c4fb1af843af62f66cbef7936) Importer(815301076,1909f56bfc062723c751e8b465ee728b)  -> (artifact id: '47ed7c8a078c7e2ffd6092a25ccb3bf2') in 0.007609 seconds
Number of updated asset objects reloaded before import = 0
Number of asset objects unloaded after import = 1
========================================================================
Received Import Request.
  Time since last request: 153.822766 seconds.
  path: Assets/LowPolyMedievalPropsLite/Prefabs
  artifactKey: Guid(abc91dfa54bab85489116e71ccd25ae1) Importer(815301076,1909f56bfc062723c751e8b465ee728b)
Start importing Assets/LowPolyMedievalPropsLite/Prefabs using Guid(abc91dfa54bab85489116e71ccd25ae1) Importer(815301076,1909f56bfc062723c751e8b465ee728b)  -> (artifact id: 'ef0f214c5897a3f4a5457acc5db099c9') in 0.000353 seconds
Number of updated asset objects reloaded before import = 0
Number of asset objects unloaded after import = 0
========================================================================
Received Import Request.
  Time since last request: 0.118535 seconds.
  path: Assets/LowPolyMedievalPropsLite/Prefabs/Axe_01.prefab
  artifactKey: Guid(4778fb0ebd4d7554887f2bd7e6fa39c1) Importer(815301076,1909f56bfc062723c751e8b465ee728b)
Start importing Assets/LowPolyMedievalPropsLite/Prefabs/Axe_01.prefab using Guid(4778fb0ebd4d7554887f2bd7e6fa39c1) Importer(815301076,1909f56bfc062723c751e8b465ee728b)  -> (artifact id: 'db55183234123185a1bba486971532e1') in 0.110528 seconds
Number of updated asset objects reloaded before import = 0
Number of asset objects unloaded after import = 10
========================================================================
Received Import Request.
  Time since last request: 0.000014 seconds.
  path: Assets/LowPolyMedievalPropsLite/Prefabs/WoodPlank_03.prefab
  artifactKey: Guid(1fdb83abe97881945a999271a05f4c52) Importer(815301076,1909f56bfc062723c751e8b465ee728b)
Start importing Assets/LowPolyMedievalPropsLite/Prefabs/WoodPlank_03.prefab using Guid(1fdb83abe97881945a999271a05f4c52) Importer(815301076,1909f56bfc062723c751e8b465ee728b)  -> (artifact id: 'bbd95af3e74810ede75599cbc04eb2a8') in 0.006977 seconds
Number of updated asset objects reloaded before import = 0
Number of asset objects unloaded after import = 10
========================================================================
Received Import Request.
  Time since last request: 0.000015 seconds.
  path: Assets/LowPolyMedievalPropsLite/Prefabs/Pointer_02.prefab
  artifactKey: Guid(db548dbe1affff14da8f8444cd7a16a8) Importer(815301076,1909f56bfc062723c751e8b465ee728b)
Start importing Assets/LowPolyMedievalPropsLite/Prefabs/Pointer_02.prefab using Guid(db548dbe1affff14da8f8444cd7a16a8) Importer(815301076,1909f56bfc062723c751e8b465ee728b)  -> (artifact id: '44388528eac49820ae13450c4dc41117') in 0.014442 seconds
Number of updated asset objects reloaded before import = 0
Number of asset objects unloaded after import = 10
========================================================================
Received Import Request.
  Time since last request: 0.000021 seconds.
  path: Assets/LowPolyMedievalPropsLite/Prefabs/Plate_01.prefab
  artifactKey: Guid(a85d74d78da4d334caf7d581691d2df7) Importer(815301076,1909f56bfc062723c751e8b465ee728b)
Start importing Assets/LowPolyMedievalPropsLite/Prefabs/Plate_01.prefab using Guid(a85d74d78da4d334caf7d581691d2df7) Importer(815301076,1909f56bfc062723c751e8b465ee728b)  -> (artifact id: '14f6a719b2b507d39f27a3e6395919d4') in 0.012156 seconds
Number of updated asset objects reloaded before import = 0
Number of asset objects unloaded after import = 10
========================================================================
Received Import Request.
  Time since last request: 0.000016 seconds.
  path: Assets/LowPolyMedievalPropsLite/Prefabs/Candle_01.prefab
  artifactKey: Guid(74f1aa9e584aa4842aecf049e25f5339) Importer(815301076,1909f56bfc062723c751e8b465ee728b)
Start importing Assets/LowPolyMedievalPropsLite/Prefabs/Candle_01.prefab using Guid(74f1aa9e584aa4842aecf049e25f5339) Importer(815301076,1909f56bfc062723c751e8b465ee728b)  -> (artifact id: '4e63c17d88a398452121daf316a66c7b') in 0.006937 seconds
Number of updated asset objects reloaded before import = 0
Number of asset objects unloaded after import = 10
========================================================================
Received Import Request.
  Time since last request: 0.000020 seconds.
  path: Assets/LowPolyMedievalPropsLite/Prefabs/Fence_02.prefab
  artifactKey: Guid(7a92d70f42aca1d40aa5675904d4fb0a) Importer(815301076,1909f56bfc062723c751e8b465ee728b)
Start importing Assets/LowPolyMedievalPropsLite/Prefabs/Fence_02.prefab using Guid(7a92d70f42aca1d40aa5675904d4fb0a) Importer(815301076,1909f56bfc062723c751e8b465ee728b)  -> (artifact id: '3e867847c426b3620a70d73a4d17cd08') in 0.009106 seconds
Number of updated asset objects reloaded before import = 0
Number of asset objects unloaded after import = 10
========================================================================
Received Import Request.
  Time since last request: 0.000014 seconds.
  path: Assets/LowPolyMedievalPropsLite/Prefabs/Jug_01.prefab
  artifactKey: Guid(0c49d14f67533cd46946f65d18bf9bd3) Importer(815301076,1909f56bfc062723c751e8b465ee728b)
Start importing Assets/LowPolyMedievalPropsLite/Prefabs/Jug_01.prefab using Guid(0c49d14f67533cd46946f65d18bf9bd3) Importer(815301076,1909f56bfc062723c751e8b465ee728b)  -> (artifact id: 'd459d89535c024a865f8b2bfd76d3e9a') in 0.007812 seconds
Number of updated asset objects reloaded before import = 0
Number of asset objects unloaded after import = 10
========================================================================
Received Import Request.
  Time since last request: 0.000013 seconds.
  path: Assets/LowPolyMedievalPropsLite/Prefabs/Fire_01.prefab
  artifactKey: Guid(2415eee8dc9a7af4bbd6563b6502cea1) Importer(815301076,1909f56bfc062723c751e8b465ee728b)
Start importing Assets/LowPolyMedievalPropsLite/Prefabs/Fire_01.prefab using Guid(2415eee8dc9a7af4bbd6563b6502cea1) Importer(815301076,1909f56bfc062723c751e8b465ee728b)  -> (artifact id: '52e46a420bf7593dc199b24c9c52f193') in 0.040526 seconds
Number of updated asset objects reloaded before import = 0
Number of asset objects unloaded after import = 28
========================================================================
Received Import Request.
  Time since last request: 0.000020 seconds.
  path: Assets/LowPolyMedievalPropsLite/Prefabs/Stairs_01.prefab
  artifactKey: Guid(55950e8fd9760f0488b64073fdf74021) Importer(815301076,1909f56bfc062723c751e8b465ee728b)
Start importing Assets/LowPolyMedievalPropsLite/Prefabs/Stairs_01.prefab using Guid(55950e8fd9760f0488b64073fdf74021) Importer(815301076,1909f56bfc062723c751e8b465ee728b)  -> (artifact id: '2d9879b37e8e761d8a9b73d270127f12') in 0.007742 seconds
Number of updated asset objects reloaded before import = 0
Number of asset objects unloaded after import = 10
========================================================================
Received Import Request.
  Time since last request: 0.000033 seconds.
  path: Assets/LowPolyMedievalPropsLite/Prefabs/Food_01.prefab
  artifactKey: Guid(53a440911d2c3a54e980d8098965d99f) Importer(815301076,1909f56bfc062723c751e8b465ee728b)
Start importing Assets/LowPolyMedievalPropsLite/Prefabs/Food_01.prefab using Guid(53a440911d2c3a54e980d8098965d99f) Importer(815301076,1909f56bfc062723c751e8b465ee728b)  -> (artifact id: 'd73626360a24d5b1ff5c6b3e74c0d77c') in 0.011229 seconds
Number of updated asset objects reloaded before import = 0
Number of asset objects unloaded after import = 10
========================================================================
Received Import Request.
  Time since last request: 0.000017 seconds.
  path: Assets/LowPolyMedievalPropsLite/Prefabs/Coin_02.prefab
  artifactKey: Guid(09605bc47ca2dbb43a4e2174e6f8a924) Importer(815301076,1909f56bfc062723c751e8b465ee728b)
Start importing Assets/LowPolyMedievalPropsLite/Prefabs/Coin_02.prefab using Guid(09605bc47ca2dbb43a4e2174e6f8a924) Importer(815301076,1909f56bfc062723c751e8b465ee728b)  -> (artifact id: '38bd4682c28539800d5c5230ab2e8c6f') in 0.008336 seconds
Number of updated asset objects reloaded before import = 0
Number of asset objects unloaded after import = 10
========================================================================
Received Import Request.
  Time since last request: 0.000012 seconds.
  path: Assets/LowPolyMedievalPropsLite/Prefabs/Plate_04.prefab
  artifactKey: Guid(4c48cf7d06fb67248992c3758b08c410) Importer(815301076,1909f56bfc062723c751e8b465ee728b)
Start importing Assets/LowPolyMedievalPropsLite/Prefabs/Plate_04.prefab using Guid(4c48cf7d06fb67248992c3758b08c410) Importer(815301076,1909f56bfc062723c751e8b465ee728b)  -> (artifact id: '1215a856d4c2d335fd07230996b8c7f8') in 0.010041 seconds
Number of updated asset objects reloaded before import = 0
Number of asset objects unloaded after import = 10
========================================================================
Received Import Request.
  Time since last request: 0.000020 seconds.
  path: Assets/LowPolyMedievalPropsLite/Prefabs/Stone_01.prefab
  artifactKey: Guid(89a32941865132c4ba1c2782790ed46b) Importer(815301076,1909f56bfc062723c751e8b465ee728b)
Start importing Assets/LowPolyMedievalPropsLite/Prefabs/Stone_01.prefab using Guid(89a32941865132c4ba1c2782790ed46b) Importer(815301076,1909f56bfc062723c751e8b465ee728b)  -> (artifact id: '294936e063785d9673a899edcc4c1554') in 0.010467 seconds
Number of updated asset objects reloaded before import = 0
Number of asset objects unloaded after import = 10
========================================================================
Received Import Request.
  Time since last request: 0.000017 seconds.
  path: Assets/LowPolyMedievalPropsLite/Prefabs/Jug_04.prefab
  artifactKey: Guid(6217a840ef7b5da40bc3c9075de53ea4) Importer(815301076,1909f56bfc062723c751e8b465ee728b)
Start importing Assets/LowPolyMedievalPropsLite/Prefabs/Jug_04.prefab using Guid(6217a840ef7b5da40bc3c9075de53ea4) Importer(815301076,1909f56bfc062723c751e8b465ee728b)  -> (artifact id: 'b50bcbeadd25474cf5de7b64b710b48f') in 0.008038 seconds
Number of updated asset objects reloaded before import = 0
Number of asset objects unloaded after import = 10
========================================================================
Received Import Request.
  Time since last request: 0.000015 seconds.
  path: Assets/LowPolyMedievalPropsLite/Prefabs/Barrel_01.prefab
  artifactKey: Guid(af0251662ce5880478fc4015a2c7df13) Importer(815301076,1909f56bfc062723c751e8b465ee728b)
Start importing Assets/LowPolyMedievalPropsLite/Prefabs/Barrel_01.prefab using Guid(af0251662ce5880478fc4015a2c7df13) Importer(815301076,1909f56bfc062723c751e8b465ee728b)  -> (artifact id: '95534282a6d2ddd52abfdd7741a76539') in 0.019194 seconds
Number of updated asset objects reloaded before import = 0
Number of asset objects unloaded after import = 10
========================================================================
Received Import Request.
  Time since last request: 0.000018 seconds.
  path: Assets/LowPolyMedievalPropsLite/Prefabs/Bottle_03.prefab
  artifactKey: Guid(dce278a18cc98aa41a4185c95e564f6f) Importer(815301076,1909f56bfc062723c751e8b465ee728b)
Start importing Assets/LowPolyMedievalPropsLite/Prefabs/Bottle_03.prefab using Guid(dce278a18cc98aa41a4185c95e564f6f) Importer(815301076,1909f56bfc062723c751e8b465ee728b)  -> (artifact id: 'a8219bbb718ef19f936cda51973f4b06') in 0.007527 seconds
Number of updated asset objects reloaded before import = 0
Number of asset objects unloaded after import = 10
========================================================================
Received Import Request.
  Time since last request: 0.000019 seconds.
  path: Assets/LowPolyMedievalPropsLite/Prefabs/Bottle_02.prefab
  artifactKey: Guid(e8300462cc969dc4c82430a0eab04fbd) Importer(815301076,1909f56bfc062723c751e8b465ee728b)
Start importing Assets/LowPolyMedievalPropsLite/Prefabs/Bottle_02.prefab using Guid(e8300462cc969dc4c82430a0eab04fbd) Importer(815301076,1909f56bfc062723c751e8b465ee728b)  -> (artifact id: '43c98e2a62cf2f20baa48c068e19ba47') in 0.007062 seconds
Number of updated asset objects reloaded before import = 0
Number of asset objects unloaded after import = 10
========================================================================
Received Import Request.
  Time since last request: 0.000014 seconds.
  path: Assets/LowPolyMedievalPropsLite/Prefabs/Food_05.prefab
  artifactKey: Guid(42b182dba1d708b41921836ec2eedb83) Importer(815301076,1909f56bfc062723c751e8b465ee728b)
Start importing Assets/LowPolyMedievalPropsLite/Prefabs/Food_05.prefab using Guid(42b182dba1d708b41921836ec2eedb83) Importer(815301076,1909f56bfc062723c751e8b465ee728b)  -> (artifact id: '89a2c53e380b06078c89ed54bbc95944') in 0.006846 seconds
Number of updated asset objects reloaded before import = 0
Number of asset objects unloaded after import = 10
========================================================================
Received Import Request.
  Time since last request: 0.000016 seconds.
  path: Assets/LowPolyMedievalPropsLite/Prefabs/WoodPlank_01.prefab
  artifactKey: Guid(41a2edecaedc0bb4e8c1ad3055928721) Importer(815301076,1909f56bfc062723c751e8b465ee728b)
Start importing Assets/LowPolyMedievalPropsLite/Prefabs/WoodPlank_01.prefab using Guid(41a2edecaedc0bb4e8c1ad3055928721) Importer(815301076,1909f56bfc062723c751e8b465ee728b)  -> (artifact id: '634aa106ca2cddd10419e1895cec85c1') in 0.010338 seconds
Number of updated asset objects reloaded before import = 0
Number of asset objects unloaded after import = 10
========================================================================
Received Import Request.
  Time since last request: 0.000015 seconds.
  path: Assets/LowPolyMedievalPropsLite/Prefabs/Plate_02.prefab
  artifactKey: Guid(c12c2872ef9d9e94fb404dc0c9784fcb) Importer(815301076,1909f56bfc062723c751e8b465ee728b)
Start importing Assets/LowPolyMedievalPropsLite/Prefabs/Plate_02.prefab using Guid(c12c2872ef9d9e94fb404dc0c9784fcb) Importer(815301076,1909f56bfc062723c751e8b465ee728b)  -> (artifact id: '0c22d1f14e183224fe6ef6cda197d61f') in 0.011568 seconds
Number of updated asset objects reloaded before import = 0
Number of asset objects unloaded after import = 10
========================================================================
Received Import Request.
  Time since last request: 0.000018 seconds.
  path: Assets/LowPolyMedievalPropsLite/Prefabs/WoodPlank_02.prefab
  artifactKey: Guid(8be4dcaf6b4245341b59481c573c1ada) Importer(815301076,1909f56bfc062723c751e8b465ee728b)
Start importing Assets/LowPolyMedievalPropsLite/Prefabs/WoodPlank_02.prefab using Guid(8be4dcaf6b4245341b59481c573c1ada) Importer(815301076,1909f56bfc062723c751e8b465ee728b)  -> (artifact id: 'faea9d50adabcd8e48823c76522f7b5a') in 0.007464 seconds
Number of updated asset objects reloaded before import = 0
Number of asset objects unloaded after import = 10
========================================================================
Received Import Request.
  Time since last request: 0.000015 seconds.
  path: Assets/LowPolyMedievalPropsLite/Prefabs/Jug_03.prefab
  artifactKey: Guid(913a7c559afba3e4b904814a31557cca) Importer(815301076,1909f56bfc062723c751e8b465ee728b)
Start importing Assets/LowPolyMedievalPropsLite/Prefabs/Jug_03.prefab using Guid(913a7c559afba3e4b904814a31557cca) Importer(815301076,1909f56bfc062723c751e8b465ee728b)  -> (artifact id: 'f9f88f4fa2ccab5090172b3e2df1092b') in 0.009727 seconds
Number of updated asset objects reloaded before import = 0
Number of asset objects unloaded after import = 10
========================================================================
Received Import Request.
  Time since last request: 0.000016 seconds.
  path: Assets/LowPolyMedievalPropsLite/Prefabs/Coin_01.prefab
  artifactKey: Guid(503cf83fd490b1640bbc9aea8a7ded93) Importer(815301076,1909f56bfc062723c751e8b465ee728b)
Start importing Assets/LowPolyMedievalPropsLite/Prefabs/Coin_01.prefab using Guid(503cf83fd490b1640bbc9aea8a7ded93) Importer(815301076,1909f56bfc062723c751e8b465ee728b)  -> (artifact id: 'a762ef2e02505d596481436306a112d6') in 0.007780 seconds
Number of updated asset objects reloaded before import = 0
Number of asset objects unloaded after import = 10
========================================================================
Received Import Request.
  Time since last request: 0.000015 seconds.
  path: Assets/LowPolyMedievalPropsLite/Prefabs/Bottle_01.prefab
  artifactKey: Guid(b6f9b587034166549809f3a9c6c33262) Importer(815301076,1909f56bfc062723c751e8b465ee728b)
Start importing Assets/LowPolyMedievalPropsLite/Prefabs/Bottle_01.prefab using Guid(b6f9b587034166549809f3a9c6c33262) Importer(815301076,1909f56bfc062723c751e8b465ee728b)  -> (artifact id: '4c6941cb55890cd737c150fe5bda3e6a') in 0.011523 seconds
Number of updated asset objects reloaded before import = 0
Number of asset objects unloaded after import = 10
Editor requested this worker to shutdown with reason: Scaling down because of idle timeout
TcpMessagingSession - receive error: operation aborted. errorcode: 995, details: ќпераци€ ввода/вывода была прервана из-за завершени€ потока команд или по запросу приложени€.
AssetImportWorker is now disconnected from the server
Process exiting
Exiting without the bug reporter. Application will terminate with return code 0